<?xml version="1.0" encoding="UTF-8"?>
<!-- Generated by org.testng.reporters.JUnitXMLReporter -->
<testsuite ignored="1" hostname="INBook_X1" failures="0" tests="3" name="Default test" time="0.07" errors="0" timestamp="2024-10-18T00:53:45 IST">
  <testcase classname="javaPackage.TestNG4" name="a" time="0.014"/>
  <testcase classname="javaPackage.TestNG4" name="d" time="0.001"/>
  <testcase classname="javaPackage.TestNG4" name="c" time="0.004"/>
  <testcase classname="javaPackage.TestNG4" name="b" time="0.0">
    <ignored/>
  </testcase> <!-- b -->
</testsuite> <!-- Default test -->
