<?xml version="1.0" encoding="UTF-8"?>
<testng-results ignored="1" total="4" passed="3" failed="0" skipped="0">
  <reporter-output>
  </reporter-output>
  <suite started-at="2024-10-18T00:53:45 IST" name="Default suite" finished-at="2024-10-18T00:53:45 IST" duration-ms="70">
    <groups>
    </groups>
    <test started-at="2024-10-18T00:53:45 IST" name="Default test" finished-at="2024-10-18T00:53:45 IST" duration-ms="70">
      <class name="javaPackage.TestNG4">
        <test-method signature="a()[pri:-5, instance:javaPackage.TestNG4@505fc5a4]" started-at="2024-10-18T00:53:45 IST" name="a" finished-at="2024-10-18T00:53:45 IST" duration-ms="14" status="PASS">
          <reporter-output>
          </reporter-output>
        </test-method> <!-- a -->
        <test-method signature="d()[pri:-3, instance:javaPackage.TestNG4@505fc5a4]" started-at="2024-10-18T00:53:45 IST" name="d" finished-at="2024-10-18T00:53:45 IST" duration-ms="1" status="PASS">
          <reporter-output>
          </reporter-output>
        </test-method> <!-- d -->
        <test-method signature="c()[pri:0, instance:javaPackage.TestNG4@505fc5a4]" started-at="2024-10-18T00:53:45 IST" name="c" finished-at="2024-10-18T00:53:45 IST" duration-ms="4" status="PASS">
          <reporter-output>
          </reporter-output>
        </test-method> <!-- c -->
      </class> <!-- javaPackage.TestNG4 -->
    </test> <!-- Default test -->
  </suite> <!-- Default suite -->
</testng-results>
